TN:
SF:src\api\controllers\authController.js
FN:4,(anonymous_0)
FN:34,(anonymous_1)
FNF:2
FNH:2
FNDA:4,(anonymous_0)
FNDA:4,(anonymous_1)
DA:1,1
DA:5,4
DA:6,4
DA:8,4
DA:9,1
DA:15,3
DA:17,2
DA:18,1
DA:24,1
DA:30,1
DA:35,4
DA:36,4
DA:38,4
DA:39,1
DA:45,3
DA:47,2
DA:48,1
DA:54,1
DA:62,1
DA:67,1
LF:20
LH:20
BRDA:8,0,0,1
BRDA:8,0,1,3
BRDA:8,1,0,4
BRDA:8,1,1,3
BRDA:8,1,2,3
BRDA:17,2,0,1
BRDA:17,2,1,1
BRDA:38,3,0,1
BRDA:38,3,1,3
BRDA:38,4,0,4
BRDA:38,4,1,3
BRDA:47,5,0,1
BRDA:47,5,1,1
BRF:13
BRH:13
end_of_record
TN:
SF:src\api\controllers\monitoredDestinationController.js
FN:4,(anonymous_0)
FN:13,(anonymous_1)
FN:28,(anonymous_2)
FN:38,(anonymous_3)
FN:55,(anonymous_4)
FNF:5
FNH:5
FNDA:2,(anonymous_0)
FNDA:2,(anonymous_1)
FNDA:2,(anonymous_2)
FNDA:2,(anonymous_3)
FNDA:2,(anonymous_4)
DA:1,1
DA:5,2
DA:6,2
DA:7,1
DA:9,1
DA:14,2
DA:15,2
DA:16,2
DA:18,2
DA:19,1
DA:22,1
DA:24,0
DA:29,2
DA:30,2
DA:31,2
DA:32,1
DA:34,1
DA:39,2
DA:40,2
DA:41,2
DA:43,2
DA:45,2
DA:46,1
DA:49,1
DA:51,0
DA:56,2
DA:57,2
DA:58,2
DA:60,2
DA:61,1
DA:64,1
DA:66,0
DA:71,1
LF:33
LH:30
BRDA:18,0,0,1
BRDA:18,0,1,1
BRDA:45,1,0,1
BRDA:45,1,1,1
BRDA:60,2,0,1
BRDA:60,2,1,1
BRF:6
BRH:6
end_of_record
TN:
SF:src\api\controllers\notificationController.js
FN:4,(anonymous_0)
FN:20,(anonymous_1)
FN:36,(anonymous_2)
FNF:3
FNH:3
FNDA:2,(anonymous_0)
FNDA:2,(anonymous_1)
FNDA:2,(anonymous_2)
DA:1,1
DA:5,2
DA:6,2
DA:8,1
DA:9,1
DA:16,1
DA:21,2
DA:22,2
DA:24,2
DA:26,1
DA:32,1
DA:37,2
DA:39,2
DA:40,2
DA:42,1
DA:48,1
DA:54,1
LF:17
LH:17
BRDA:8,0,0,1
BRDA:8,0,1,0
BRF:2
BRH:1
end_of_record
TN:
SF:src\api\controllers\userController.js
FN:4,(anonymous_0)
FN:20,(anonymous_1)
FN:36,(anonymous_2)
FN:52,(anonymous_3)
FN:70,(anonymous_4)
FN:88,(anonymous_5)
FN:106,(anonymous_6)
FN:125,(anonymous_7)
FNF:8
FNH:7
FNDA:1,(anonymous_0)
FNDA:1,(anonymous_1)
FNDA:1,(anonymous_2)
FNDA:1,(anonymous_3)
FNDA:1,(anonymous_4)
FNDA:1,(anonymous_5)
FNDA:1,(anonymous_6)
FNDA:0,(anonymous_7)
DA:1,2
DA:5,1
DA:6,1
DA:8,1
DA:9,1
DA:16,0
DA:21,1
DA:22,1
DA:24,1
DA:26,1
DA:32,0
DA:37,1
DA:38,1
DA:40,1
DA:42,1
DA:48,0
DA:53,1
DA:55,1
DA:56,1
DA:58,1
DA:60,1
DA:66,0
DA:71,1
DA:73,1
DA:74,1
DA:76,1
DA:78,1
DA:84,0
DA:89,1
DA:91,1
DA:92,1
DA:94,1
DA:96,1
DA:102,0
DA:107,1
DA:109,1
DA:110,1
DA:112,1
DA:114,1
DA:120,0
DA:126,0
DA:128,0
DA:129,0
DA:131,0
DA:137,0
DA:158,2
LF:46
LH:34
BRDA:8,0,0,1
BRDA:8,0,1,0
BRF:2
BRH:1
end_of_record
TN:
SF:src\api\routes\authRoutes.js
FNF:0
FNH:0
DA:1,1
DA:2,1
DA:3,1
DA:5,1
DA:6,1
DA:8,1
LF:6
LH:6
BRF:0
BRH:0
end_of_record
TN:
SF:src\api\routes\monitoredDestinationRoutes.js
FNF:0
FNH:0
DA:1,0
DA:2,0
DA:3,0
DA:5,0
DA:6,0
DA:7,0
DA:8,0
DA:9,0
DA:11,0
LF:9
LH:0
BRF:0
BRH:0
end_of_record
TN:
SF:src\api\routes\notificationroutes.js
FNF:0
FNH:0
DA:1,0
DA:2,0
DA:3,0
DA:6,0
DA:7,0
DA:8,0
DA:10,0
LF:7
LH:0
BRF:0
BRH:0
end_of_record
TN:
SF:src\api\routes\userRoutes.js
FNF:0
FNH:0
DA:1,0
DA:2,0
DA:3,0
DA:6,0
DA:7,0
DA:8,0
DA:10,0
DA:11,0
DA:12,0
DA:13,0
DA:17,0
DA:19,0
LF:12
LH:0
BRF:0
BRH:0
end_of_record
TN:
SF:src\api\services\authService.js
FN:9,(anonymous_0)
FN:41,(anonymous_1)
FN:80,(anonymous_2)
FNF:3
FNH:3
FNDA:1,(anonymous_0)
FNDA:3,(anonymous_1)
FNDA:1,(anonymous_2)
DA:1,2
DA:2,2
DA:3,2
DA:6,2
DA:10,1
DA:12,1
DA:16,1
DA:18,1
DA:19,1
DA:23,0
DA:24,0
DA:27,0
DA:31,0
DA:34,0
DA:36,0
DA:37,0
DA:42,3
DA:44,3
DA:48,3
DA:50,3
DA:51,1
DA:54,2
DA:57,2
DA:59,2
DA:60,1
DA:64,1
DA:71,1
DA:72,1
DA:75,0
DA:76,0
DA:81,1
DA:85,1
DA:86,1
DA:90,2
LF:34
LH:25
BRDA:6,0,0,2
BRDA:6,0,1,2
BRDA:18,1,0,1
BRDA:18,1,1,0
BRDA:50,2,0,1
BRDA:50,2,1,2
BRDA:59,3,0,1
BRDA:59,3,1,1
BRF:8
BRH:7
end_of_record
TN:
SF:src\api\services\monitoredDestinationService.js
FN:4,(anonymous_0)
FN:10,(anonymous_1)
FN:19,(anonymous_2)
FN:29,(anonymous_3)
FN:39,(anonymous_4)
FNF:5
FNH:5
FNDA:1,(anonymous_0)
FNDA:2,(anonymous_1)
FNDA:1,(anonymous_2)
FNDA:1,(anonymous_3)
FNDA:1,(anonymous_4)
DA:1,1
DA:5,1
DA:6,1
DA:7,1
DA:11,2
DA:15,2
DA:16,2
DA:20,1
DA:25,1
DA:26,1
DA:30,1
DA:35,1
DA:36,1
DA:40,1
DA:45,1
DA:46,1
DA:50,1
LF:17
LH:17
BRDA:16,0,0,2
BRDA:16,0,1,1
BRF:2
BRH:2
end_of_record
TN:
SF:src\api\services\notificationService.js
FN:4,(anonymous_0)
FN:10,(anonymous_1)
FN:24,(anonymous_2)
FNF:3
FNH:3
FNDA:1,(anonymous_0)
FNDA:2,(anonymous_1)
FNDA:2,(anonymous_2)
DA:1,1
DA:5,1
DA:6,1
DA:7,1
DA:11,2
DA:15,2
DA:17,2
DA:18,1
DA:21,1
DA:25,2
DA:30,2
DA:31,2
DA:32,1
DA:34,1
DA:40,1
LF:15
LH:15
BRDA:17,0,0,1
BRDA:17,0,1,1
BRF:2
BRH:2
end_of_record
TN:
SF:src\api\services\userService.js
FN:5,(anonymous_0)
FN:11,(anonymous_1)
FN:26,(anonymous_2)
FN:43,(anonymous_3)
FN:58,(anonymous_4)
FN:73,(anonymous_5)
FN:89,(anonymous_6)
FN:105,(anonymous_7)
FN:125,(anonymous_8)
FNF:9
FNH:7
FNDA:1,(anonymous_0)
FNDA:2,(anonymous_1)
FNDA:2,(anonymous_2)
FNDA:2,(anonymous_3)
FNDA:2,(anonymous_4)
FNDA:0,(anonymous_5)
FNDA:0,(anonymous_6)
FNDA:2,(anonymous_7)
FNDA:2,(anonymous_8)
DA:1,1
DA:2,1
DA:6,1
DA:7,1
DA:8,1
DA:12,2
DA:17,2
DA:19,2
DA:20,1
DA:23,1
DA:27,2
DA:32,2
DA:34,2
DA:35,1
DA:38,1
DA:44,2
DA:49,2
DA:51,2
DA:52,1
DA:55,1
DA:59,2
DA:64,2
DA:66,2
DA:67,1
DA:70,1
DA:75,0
DA:80,0
DA:82,0
DA:83,0
DA:86,0
DA:91,0
DA:96,0
DA:98,0
DA:99,0
DA:102,0
DA:107,2
DA:112,2
DA:113,2
DA:115,1
DA:117,1
DA:118,1
DA:121,0
DA:127,2
DA:132,2
DA:133,2
DA:135,1
DA:137,1
DA:138,1
DA:141,0
DA:148,1
LF:50
LH:38
BRDA:19,0,0,1
BRDA:19,0,1,1
BRDA:34,1,0,1
BRDA:34,1,1,1
BRDA:51,2,0,1
BRDA:51,2,1,1
BRDA:66,3,0,1
BRDA:66,3,1,1
BRDA:82,4,0,0
BRDA:82,4,1,0
BRDA:98,5,0,0
BRDA:98,5,1,0
BRDA:117,6,0,1
BRDA:117,6,1,0
BRDA:137,7,0,1
BRDA:137,7,1,0
BRF:16
BRH:10
end_of_record
TN:
SF:src\config\database.js
FN:9,(anonymous_0)
FNF:1
FNH:1
FNDA:8,(anonymous_0)
DA:1,9
DA:2,9
DA:9,9
DA:10,8
DA:11,2
DA:13,6
DA:35,9
LF:7
LH:7
BRDA:10,0,0,2
BRDA:10,0,1,6
BRF:2
BRH:2
end_of_record
